<?xml version="1.0" encoding="UTF-8"?>
<coverage generated="1780439750322" clover="3.2.0">
  <project timestamp="1780439750322" name="All files">
    <metrics statements="66" coveredstatements="66" conditionals="37" coveredconditionals="37" methods="29" coveredmethods="29" elements="132" coveredelements="132" complexity="0" loc="66" ncloc="66" packages="1" files="4" classes="4"/>
    <file name="period.ts" path="/Users/peterugh/Sites/simple-tracker/src/utils/period.ts">
      <metrics statements="8" coveredstatements="8" conditionals="7" coveredconditionals="7" methods="3" coveredmethods="3"/>
      <line num="9" count="12" type="stmt"/>
      <line num="10" count="12" type="cond" truecount="2" falsecount="0"/>
      <line num="11" count="5" type="cond" truecount="2" falsecount="0"/>
      <line num="12" count="5" type="stmt"/>
      <line num="14" count="12" type="stmt"/>
      <line num="15" count="12" type="stmt"/>
      <line num="27" count="7" type="stmt"/>
      <line num="28" count="7" type="cond" truecount="2" falsecount="0"/>
    </file>
    <file name="stats.ts" path="/Users/peterugh/Sites/simple-tracker/src/utils/stats.ts">
      <metrics statements="11" coveredstatements="11" conditionals="6" coveredconditionals="6" methods="7" coveredmethods="7"/>
      <line num="5" count="3" type="cond" truecount="2" falsecount="0"/>
      <line num="6" count="4" type="stmt"/>
      <line num="11" count="10" type="stmt"/>
      <line num="16" count="3" type="cond" truecount="2" falsecount="0"/>
      <line num="17" count="2" type="stmt"/>
      <line num="25" count="13" type="stmt"/>
      <line num="26" count="5" type="stmt"/>
      <line num="27" count="5" type="stmt"/>
      <line num="28" count="10" type="cond" truecount="2" falsecount="0"/>
      <line num="29" count="3" type="stmt"/>
      <line num="31" count="5" type="stmt"/>
    </file>
    <file name="storage.ts" path="/Users/peterugh/Sites/simple-tracker/src/utils/storage.ts">
      <metrics statements="25" coveredstatements="25" conditionals="12" coveredconditionals="12" methods="15" coveredmethods="15"/>
      <line num="4" count="1" type="stmt"/>
      <line num="5" count="1" type="stmt"/>
      <line num="8" count="21" type="stmt"/>
      <line num="9" count="21" type="cond" truecount="2" falsecount="0"/>
      <line num="10" count="14" type="stmt"/>
      <line num="12" count="19" type="stmt"/>
      <line num="20" count="10" type="stmt"/>
      <line num="21" count="10" type="stmt"/>
      <line num="25" count="2" type="stmt"/>
      <line num="26" count="2" type="stmt"/>
      <line num="28" count="3" type="cond" truecount="2" falsecount="0"/>
      <line num="33" count="2" type="stmt"/>
      <line num="34" count="4" type="stmt"/>
      <line num="35" count="2" type="stmt"/>
      <line num="36" count="2" type="stmt"/>
      <line num="37" count="2" type="cond" truecount="2" falsecount="0"/>
      <line num="38" count="1" type="stmt"/>
      <line num="43" count="20" type="stmt"/>
      <line num="44" count="20" type="cond" truecount="2" falsecount="0"/>
      <line num="48" count="2" type="stmt"/>
      <line num="49" count="6" type="stmt"/>
      <line num="53" count="12" type="stmt"/>
      <line num="54" count="12" type="stmt"/>
      <line num="58" count="1" type="stmt"/>
      <line num="59" count="2" type="stmt"/>
    </file>
    <file name="timeRange.ts" path="/Users/peterugh/Sites/simple-tracker/src/utils/timeRange.ts">
      <metrics statements="22" coveredstatements="22" conditionals="12" coveredconditionals="12" methods="4" coveredmethods="4"/>
      <line num="4" count="5" type="cond" truecount="2" falsecount="0"/>
      <line num="5" count="4" type="stmt"/>
      <line num="6" count="4" type="stmt"/>
      <line num="12" count="7" type="stmt"/>
      <line num="16" count="5" type="stmt"/>
      <line num="17" count="5" type="cond" truecount="5" falsecount="0"/>
      <line num="19" count="1" type="stmt"/>
      <line num="21" count="1" type="stmt"/>
      <line num="23" count="1" type="stmt"/>
      <line num="25" count="1" type="stmt"/>
      <line num="27" count="1" type="stmt"/>
      <line num="31" count="1" type="stmt"/>
      <line num="39" count="10" type="stmt"/>
      <line num="40" count="10" type="cond" truecount="5" falsecount="0"/>
      <line num="42" count="2" type="stmt"/>
      <line num="43" count="2" type="stmt"/>
      <line num="46" count="6" type="stmt"/>
      <line num="47" count="6" type="stmt"/>
      <line num="50" count="2" type="stmt"/>
      <line num="51" count="2" type="stmt"/>
      <line num="52" count="2" type="stmt"/>
      <line num="54" count="10" type="stmt"/>
    </file>
  </project>
</coverage>
