{"/Users/peterugh/Sites/simple-tracker/src/utils/period.ts": {"path":"/Users/peterugh/Sites/simple-tracker/src/utils/period.ts","statementMap":{"0":{"start":{"line":9,"column":12},"end":{"line":9,"column":25}},"1":{"start":{"line":10,"column":2},"end":{"line":13,"column":3}},"2":{"start":{"line":11,"column":27},"end":{"line":11,"column":64}},"3":{"start":{"line":12,"column":4},"end":{"line":12,"column":44}},"4":{"start":{"line":14,"column":2},"end":{"line":14,"column":25}},"5":{"start":{"line":15,"column":2},"end":{"line":15,"column":21}},"6":{"start":{"line":27,"column":16},"end":{"line":27,"column":44}},"7":{"start":{"line":28,"column":2},"end":{"line":28,"column":57}},"8":{"start":{"line":28,"column":27},"end":{"line":28,"column":47}}},"fnMap":{"0":{"name":"getPeriodStart","decl":{"start":{"line":8,"column":16},"end":{"line":8,"column":30}},"loc":{"start":{"line":8,"column":77},"end":{"line":16,"column":1}},"line":8},"1":{"name":"findCurrentPeriodEntry","decl":{"start":{"line":22,"column":16},"end":{"line":22,"column":38}},"loc":{"start":{"line":26,"column":16},"end":{"line":29,"column":1}},"line":26},"2":{"name":"(anonymous_2)","decl":{"start":{"line":28,"column":22},"end":{"line":28,"column":23}},"loc":{"start":{"line":28,"column":27},"end":{"line":28,"column":47}},"line":28}},"branchMap":{"0":{"loc":{"start":{"line":10,"column":2},"end":{"line":13,"column":3}},"type":"if","locations":[{"start":{"line":10,"column":2},"end":{"line":13,"column":3}},{"start":{},"end":{}}],"line":10},"1":{"loc":{"start":{"line":11,"column":27},"end":{"line":11,"column":64}},"type":"cond-expr","locations":[{"start":{"line":11,"column":46},"end":{"line":11,"column":47}},{"start":{"line":11,"column":50},"end":{"line":11,"column":64}}],"line":11},"2":{"loc":{"start":{"line":25,"column":2},"end":{"line":25,"column":26}},"type":"default-arg","locations":[{"start":{"line":25,"column":16},"end":{"line":25,"column":26}}],"line":25},"3":{"loc":{"start":{"line":28,"column":9},"end":{"line":28,"column":56}},"type":"binary-expr","locations":[{"start":{"line":28,"column":9},"end":{"line":28,"column":48}},{"start":{"line":28,"column":52},"end":{"line":28,"column":56}}],"line":28}},"s":{"0":12,"1":12,"2":5,"3":5,"4":12,"5":12,"6":7,"7":7,"8":5},"f":{"0":12,"1":7,"2":5},"b":{"0":[5,7],"1":[1,4],"2":[1],"3":[7,5]},"_coverageSchema":"1a1c01bbd47fc00a2c39e90264f33305004495a9","hash":"b20303c389d0edfb840c584fa6999219942f21d9"}
,"/Users/peterugh/Sites/simple-tracker/src/utils/stats.ts": {"path":"/Users/peterugh/Sites/simple-tracker/src/utils/stats.ts","statementMap":{"0":{"start":{"line":5,"column":2},"end":{"line":5,"column":37}},"1":{"start":{"line":5,"column":28},"end":{"line":5,"column":37}},"2":{"start":{"line":6,"column":2},"end":{"line":6,"column":71}},"3":{"start":{"line":6,"column":36},"end":{"line":6,"column":49}},"4":{"start":{"line":11,"column":2},"end":{"line":11,"column":51}},"5":{"start":{"line":11,"column":29},"end":{"line":11,"column":42}},"6":{"start":{"line":16,"column":2},"end":{"line":16,"column":37}},"7":{"start":{"line":16,"column":28},"end":{"line":16,"column":37}},"8":{"start":{"line":17,"column":2},"end":{"line":17,"column":64}},"9":{"start":{"line":25,"column":21},"end":{"line":25,"column":75}},"10":{"start":{"line":25,"column":49},"end":{"line":25,"column":74}},"11":{"start":{"line":26,"column":15},"end":{"line":26,"column":16}},"12":{"start":{"line":27,"column":2},"end":{"line":30,"column":3}},"13":{"start":{"line":28,"column":4},"end":{"line":29,"column":15}},"14":{"start":{"line":28,"column":23},"end":{"line":28,"column":32}},"15":{"start":{"line":29,"column":9},"end":{"line":29,"column":15}},"16":{"start":{"line":31,"column":2},"end":{"line":31,"column":16}}},"fnMap":{"0":{"name":"average","decl":{"start":{"line":4,"column":16},"end":{"line":4,"column":23}},"loc":{"start":{"line":4,"column":50},"end":{"line":7,"column":1}},"line":4},"1":{"name":"(anonymous_1)","decl":{"start":{"line":6,"column":24},"end":{"line":6,"column":25}},"loc":{"start":{"line":6,"column":36},"end":{"line":6,"column":49}},"line":6},"2":{"name":"yesCount","decl":{"start":{"line":10,"column":16},"end":{"line":10,"column":24}},"loc":{"start":{"line":10,"column":51},"end":{"line":12,"column":1}},"line":10},"3":{"name":"(anonymous_3)","decl":{"start":{"line":11,"column":24},"end":{"line":11,"column":25}},"loc":{"start":{"line":11,"column":29},"end":{"line":11,"column":42}},"line":11},"4":{"name":"yesRate","decl":{"start":{"line":15,"column":16},"end":{"line":15,"column":23}},"loc":{"start":{"line":15,"column":50},"end":{"line":18,"column":1}},"line":15},"5":{"name":"currentStreak","decl":{"start":{"line":24,"column":16},"end":{"line":24,"column":29}},"loc":{"start":{"line":24,"column":56},"end":{"line":32,"column":1}},"line":24},"6":{"name":"(anonymous_6)","decl":{"start":{"line":25,"column":39},"end":{"line":25,"column":40}},"loc":{"start":{"line":25,"column":49},"end":{"line":25,"column":74}},"line":25}},"branchMap":{"0":{"loc":{"start":{"line":5,"column":2},"end":{"line":5,"column":37}},"type":"if","locations":[{"start":{"line":5,"column":2},"end":{"line":5,"column":37}},{"start":{},"end":{}}],"line":5},"1":{"loc":{"start":{"line":16,"column":2},"end":{"line":16,"column":37}},"type":"if","locations":[{"start":{"line":16,"column":2},"end":{"line":16,"column":37}},{"start":{},"end":{}}],"line":16},"2":{"loc":{"start":{"line":28,"column":4},"end":{"line":29,"column":15}},"type":"if","locations":[{"start":{"line":28,"column":4},"end":{"line":29,"column":15}},{"start":{"line":29,"column":9},"end":{"line":29,"column":15}}],"line":28}},"s":{"0":3,"1":1,"2":2,"3":4,"4":4,"5":10,"6":3,"7":1,"8":2,"9":5,"10":13,"11":5,"12":5,"13":10,"14":7,"15":3,"16":5},"f":{"0":3,"1":4,"2":4,"3":10,"4":3,"5":5,"6":13},"b":{"0":[1,2],"1":[1,2],"2":[7,3]},"_coverageSchema":"1a1c01bbd47fc00a2c39e90264f33305004495a9","hash":"f592a65c6bc30bebfa1f36acbefeec22f9634b2f"}
,"/Users/peterugh/Sites/simple-tracker/src/utils/storage.ts": {"path":"/Users/peterugh/Sites/simple-tracker/src/utils/storage.ts","statementMap":{"0":{"start":{"line":4,"column":21},"end":{"line":4,"column":47}},"1":{"start":{"line":5,"column":20},"end":{"line":5,"column":45}},"2":{"start":{"line":8,"column":14},"end":{"line":8,"column":54}},"3":{"start":{"line":9,"column":2},"end":{"line":9,"column":22}},"4":{"start":{"line":9,"column":12},"end":{"line":9,"column":22}},"5":{"start":{"line":10,"column":30},"end":{"line":10,"column":45}},"6":{"start":{"line":12,"column":2},"end":{"line":16,"column":6}},"7":{"start":{"line":12,"column":28},"end":{"line":16,"column":3}},"8":{"start":{"line":20,"column":19},"end":{"line":20,"column":38}},"9":{"start":{"line":21,"column":2},"end":{"line":21,"column":83}},"10":{"start":{"line":25,"column":19},"end":{"line":25,"column":38}},"11":{"start":{"line":26,"column":2},"end":{"line":29,"column":4}},"12":{"start":{"line":28,"column":38},"end":{"line":28,"column":71}},"13":{"start":{"line":33,"column":19},"end":{"line":33,"column":38}},"14":{"start":{"line":34,"column":2},"end":{"line":34,"column":94}},"15":{"start":{"line":34,"column":79},"end":{"line":34,"column":90}},"16":{"start":{"line":35,"column":14},"end":{"line":35,"column":35}},"17":{"start":{"line":36,"column":20},"end":{"line":36,"column":55}},"18":{"start":{"line":36,"column":36},"end":{"line":36,"column":54}},"19":{"start":{"line":37,"column":2},"end":{"line":39,"column":3}},"20":{"start":{"line":38,"column":4},"end":{"line":38,"column":71}},"21":{"start":{"line":43,"column":14},"end":{"line":43,"column":53}},"22":{"start":{"line":44,"column":2},"end":{"line":44,"column":36}},"23":{"start":{"line":48,"column":14},"end":{"line":48,"column":35}},"24":{"start":{"line":49,"column":2},"end":{"line":49,"column":94}},"25":{"start":{"line":49,"column":25},"end":{"line":49,"column":50}},"26":{"start":{"line":49,"column":67},"end":{"line":49,"column":92}},"27":{"start":{"line":53,"column":14},"end":{"line":53,"column":35}},"28":{"start":{"line":54,"column":2},"end":{"line":54,"column":75}},"29":{"start":{"line":58,"column":14},"end":{"line":58,"column":35}},"30":{"start":{"line":59,"column":2},"end":{"line":59,"column":88}},"31":{"start":{"line":59,"column":73},"end":{"line":59,"column":84}}},"fnMap":{"0":{"name":"getTrackers","decl":{"start":{"line":7,"column":22},"end":{"line":7,"column":33}},"loc":{"start":{"line":7,"column":56},"end":{"line":17,"column":1}},"line":7},"1":{"name":"(anonymous_1)","decl":{"start":{"line":12,"column":22},"end":{"line":12,"column":23}},"loc":{"start":{"line":12,"column":28},"end":{"line":16,"column":3}},"line":12},"2":{"name":"saveTracker","decl":{"start":{"line":19,"column":22},"end":{"line":19,"column":33}},"loc":{"start":{"line":19,"column":67},"end":{"line":22,"column":1}},"line":19},"3":{"name":"updateTracker","decl":{"start":{"line":24,"column":22},"end":{"line":24,"column":35}},"loc":{"start":{"line":24,"column":69},"end":{"line":30,"column":1}},"line":24},"4":{"name":"(anonymous_4)","decl":{"start":{"line":28,"column":32},"end":{"line":28,"column":33}},"loc":{"start":{"line":28,"column":38},"end":{"line":28,"column":71}},"line":28},"5":{"name":"deleteTracker","decl":{"start":{"line":32,"column":22},"end":{"line":32,"column":35}},"loc":{"start":{"line":32,"column":63},"end":{"line":40,"column":1}},"line":32},"6":{"name":"(anonymous_6)","decl":{"start":{"line":34,"column":74},"end":{"line":34,"column":75}},"loc":{"start":{"line":34,"column":79},"end":{"line":34,"column":90}},"line":34},"7":{"name":"(anonymous_7)","decl":{"start":{"line":36,"column":31},"end":{"line":36,"column":32}},"loc":{"start":{"line":36,"column":36},"end":{"line":36,"column":54}},"line":36},"8":{"name":"getAllEntries","decl":{"start":{"line":42,"column":22},"end":{"line":42,"column":35}},"loc":{"start":{"line":42,"column":56},"end":{"line":45,"column":1}},"line":42},"9":{"name":"getEntries","decl":{"start":{"line":47,"column":22},"end":{"line":47,"column":32}},"loc":{"start":{"line":47,"column":70},"end":{"line":50,"column":1}},"line":47},"10":{"name":"(anonymous_10)","decl":{"start":{"line":49,"column":20},"end":{"line":49,"column":21}},"loc":{"start":{"line":49,"column":25},"end":{"line":49,"column":50}},"line":49},"11":{"name":"(anonymous_11)","decl":{"start":{"line":49,"column":57},"end":{"line":49,"column":58}},"loc":{"start":{"line":49,"column":67},"end":{"line":49,"column":92}},"line":49},"12":{"name":"saveEntry","decl":{"start":{"line":52,"column":22},"end":{"line":52,"column":31}},"loc":{"start":{"line":52,"column":61},"end":{"line":55,"column":1}},"line":52},"13":{"name":"deleteEntry","decl":{"start":{"line":57,"column":22},"end":{"line":57,"column":33}},"loc":{"start":{"line":57,"column":61},"end":{"line":60,"column":1}},"line":57},"14":{"name":"(anonymous_14)","decl":{"start":{"line":59,"column":68},"end":{"line":59,"column":69}},"loc":{"start":{"line":59,"column":73},"end":{"line":59,"column":84}},"line":59}},"branchMap":{"0":{"loc":{"start":{"line":9,"column":2},"end":{"line":9,"column":22}},"type":"if","locations":[{"start":{"line":9,"column":2},"end":{"line":9,"column":22}},{"start":{},"end":{}}],"line":9},"1":{"loc":{"start":{"line":14,"column":13},"end":{"line":14,"column":33}},"type":"binary-expr","locations":[{"start":{"line":14,"column":13},"end":{"line":14,"column":22}},{"start":{"line":14,"column":26},"end":{"line":14,"column":33}}],"line":14},"2":{"loc":{"start":{"line":15,"column":10},"end":{"line":15,"column":28}},"type":"binary-expr","locations":[{"start":{"line":15,"column":10},"end":{"line":15,"column":16}},{"start":{"line":15,"column":20},"end":{"line":15,"column":28}}],"line":15},"3":{"loc":{"start":{"line":28,"column":38},"end":{"line":28,"column":71}},"type":"cond-expr","locations":[{"start":{"line":28,"column":60},"end":{"line":28,"column":67}},{"start":{"line":28,"column":70},"end":{"line":28,"column":71}}],"line":28},"4":{"loc":{"start":{"line":37,"column":2},"end":{"line":39,"column":3}},"type":"if","locations":[{"start":{"line":37,"column":2},"end":{"line":39,"column":3}},{"start":{},"end":{}}],"line":37},"5":{"loc":{"start":{"line":44,"column":9},"end":{"line":44,"column":35}},"type":"cond-expr","locations":[{"start":{"line":44,"column":15},"end":{"line":44,"column":30}},{"start":{"line":44,"column":33},"end":{"line":44,"column":35}}],"line":44}},"s":{"0":1,"1":1,"2":21,"3":21,"4":7,"5":14,"6":14,"7":19,"8":10,"9":10,"10":2,"11":2,"12":3,"13":2,"14":2,"15":4,"16":2,"17":2,"18":2,"19":2,"20":1,"21":20,"22":20,"23":2,"24":2,"25":6,"26":4,"27":12,"28":12,"29":1,"30":1,"31":2},"f":{"0":21,"1":19,"2":10,"3":2,"4":3,"5":2,"6":4,"7":2,"8":20,"9":2,"10":6,"11":4,"12":12,"13":1,"14":2},"b":{"0":[7,14],"1":[19,1],"2":[19,1],"3":[2,1],"4":[1,1],"5":[14,6]},"_coverageSchema":"1a1c01bbd47fc00a2c39e90264f33305004495a9","hash":"efc5270ffab0d2610a9db92ef3686aca200548b6"}
,"/Users/peterugh/Sites/simple-tracker/src/utils/timeRange.ts": {"path":"/Users/peterugh/Sites/simple-tracker/src/utils/timeRange.ts","statementMap":{"0":{"start":{"line":4,"column":2},"end":{"line":4,"column":38}},"1":{"start":{"line":4,"column":23},"end":{"line":4,"column":38}},"2":{"start":{"line":5,"column":14},"end":{"line":5,"column":24}},"3":{"start":{"line":6,"column":60},"end":{"line":11,"column":3}},"4":{"start":{"line":12,"column":2},"end":{"line":12,"column":59}},"5":{"start":{"line":12,"column":29},"end":{"line":12,"column":57}},"6":{"start":{"line":16,"column":12},"end":{"line":16,"column":31}},"7":{"start":{"line":17,"column":2},"end":{"line":28,"column":3}},"8":{"start":{"line":19,"column":6},"end":{"line":19,"column":92}},"9":{"start":{"line":21,"column":6},"end":{"line":21,"column":60}},"10":{"start":{"line":23,"column":6},"end":{"line":23,"column":74}},"11":{"start":{"line":25,"column":6},"end":{"line":25,"column":58}},"12":{"start":{"line":27,"column":6},"end":{"line":27,"column":75}},"13":{"start":{"line":31,"column":40},"end":{"line":31,"column":72}},"14":{"start":{"line":39,"column":12},"end":{"line":39,"column":24}},"15":{"start":{"line":40,"column":2},"end":{"line":53,"column":3}},"16":{"start":{"line":42,"column":6},"end":{"line":42,"column":28}},"17":{"start":{"line":43,"column":6},"end":{"line":43,"column":12}},"18":{"start":{"line":46,"column":6},"end":{"line":46,"column":29}},"19":{"start":{"line":47,"column":6},"end":{"line":47,"column":12}},"20":{"start":{"line":50,"column":6},"end":{"line":50,"column":19}},"21":{"start":{"line":51,"column":6},"end":{"line":51,"column":29}},"22":{"start":{"line":52,"column":6},"end":{"line":52,"column":12}},"23":{"start":{"line":54,"column":2},"end":{"line":54,"column":21}}},"fnMap":{"0":{"name":"filterEntriesByRange","decl":{"start":{"line":3,"column":16},"end":{"line":3,"column":36}},"loc":{"start":{"line":3,"column":82},"end":{"line":13,"column":1}},"line":3},"1":{"name":"(anonymous_1)","decl":{"start":{"line":12,"column":24},"end":{"line":12,"column":25}},"loc":{"start":{"line":12,"column":29},"end":{"line":12,"column":57}},"line":12},"2":{"name":"formatXLabel","decl":{"start":{"line":15,"column":16},"end":{"line":15,"column":28}},"loc":{"start":{"line":15,"column":74},"end":{"line":29,"column":1}},"line":15},"3":{"name":"snapToBucket","decl":{"start":{"line":38,"column":16},"end":{"line":38,"column":28}},"loc":{"start":{"line":38,"column":67},"end":{"line":55,"column":1}},"line":38}},"branchMap":{"0":{"loc":{"start":{"line":4,"column":2},"end":{"line":4,"column":38}},"type":"if","locations":[{"start":{"line":4,"column":2},"end":{"line":4,"column":38}},{"start":{},"end":{}}],"line":4},"1":{"loc":{"start":{"line":17,"column":2},"end":{"line":28,"column":3}},"type":"switch","locations":[{"start":{"line":18,"column":4},"end":{"line":19,"column":92}},{"start":{"line":20,"column":4},"end":{"line":21,"column":60}},{"start":{"line":22,"column":4},"end":{"line":23,"column":74}},{"start":{"line":24,"column":4},"end":{"line":25,"column":58}},{"start":{"line":26,"column":4},"end":{"line":27,"column":75}}],"line":17},"2":{"loc":{"start":{"line":40,"column":2},"end":{"line":53,"column":3}},"type":"switch","locations":[{"start":{"line":41,"column":4},"end":{"line":43,"column":12}},{"start":{"line":44,"column":4},"end":{"line":44,"column":14}},{"start":{"line":45,"column":4},"end":{"line":47,"column":12}},{"start":{"line":48,"column":4},"end":{"line":48,"column":14}},{"start":{"line":49,"column":4},"end":{"line":52,"column":12}}],"line":40}},"s":{"0":5,"1":1,"2":4,"3":4,"4":4,"5":7,"6":5,"7":5,"8":1,"9":1,"10":1,"11":1,"12":1,"13":1,"14":10,"15":10,"16":2,"17":2,"18":6,"19":6,"20":2,"21":2,"22":2,"23":10},"f":{"0":5,"1":7,"2":5,"3":10},"b":{"0":[1,4],"1":[1,1,1,1,1],"2":[2,6,6,2,2]},"_coverageSchema":"1a1c01bbd47fc00a2c39e90264f33305004495a9","hash":"fff39752ab636b9ab7fbef5cb1e7318cf52f87bf"}
}
