TN:
SF:src/utils/period.ts
FN:8,getPeriodStart
FN:22,findCurrentPeriodEntry
FN:28,(anonymous_2)
FNF:3
FNH:3
FNDA:12,getPeriodStart
FNDA:7,findCurrentPeriodEntry
FNDA:5,(anonymous_2)
DA:9,12
DA:10,12
DA:11,5
DA:12,5
DA:14,12
DA:15,12
DA:27,7
DA:28,7
LF:8
LH:8
BRDA:10,0,0,5
BRDA:10,0,1,7
BRDA:11,1,0,1
BRDA:11,1,1,4
BRDA:25,2,0,1
BRDA:28,3,0,7
BRDA:28,3,1,5
BRF:7
BRH:7
end_of_record
TN:
SF:src/utils/stats.ts
FN:4,average
FN:6,(anonymous_1)
FN:10,yesCount
FN:11,(anonymous_3)
FN:15,yesRate
FN:24,currentStreak
FN:25,(anonymous_6)
FNF:7
FNH:7
FNDA:3,average
FNDA:4,(anonymous_1)
FNDA:4,yesCount
FNDA:10,(anonymous_3)
FNDA:3,yesRate
FNDA:5,currentStreak
FNDA:13,(anonymous_6)
DA:5,3
DA:6,4
DA:11,10
DA:16,3
DA:17,2
DA:25,13
DA:26,5
DA:27,5
DA:28,10
DA:29,3
DA:31,5
LF:11
LH:11
BRDA:5,0,0,1
BRDA:5,0,1,2
BRDA:16,1,0,1
BRDA:16,1,1,2
BRDA:28,2,0,7
BRDA:28,2,1,3
BRF:6
BRH:6
end_of_record
TN:
SF:src/utils/storage.ts
FN:7,getTrackers
FN:12,(anonymous_1)
FN:19,saveTracker
FN:24,updateTracker
FN:28,(anonymous_4)
FN:32,deleteTracker
FN:34,(anonymous_6)
FN:36,(anonymous_7)
FN:42,getAllEntries
FN:47,getEntries
FN:49,(anonymous_10)
FN:49,(anonymous_11)
FN:52,saveEntry
FN:57,deleteEntry
FN:59,(anonymous_14)
FNF:15
FNH:15
FNDA:21,getTrackers
FNDA:19,(anonymous_1)
FNDA:10,saveTracker
FNDA:2,updateTracker
FNDA:3,(anonymous_4)
FNDA:2,deleteTracker
FNDA:4,(anonymous_6)
FNDA:2,(anonymous_7)
FNDA:20,getAllEntries
FNDA:2,getEntries
FNDA:6,(anonymous_10)
FNDA:4,(anonymous_11)
FNDA:12,saveEntry
FNDA:1,deleteEntry
FNDA:2,(anonymous_14)
DA:4,1
DA:5,1
DA:8,21
DA:9,21
DA:10,14
DA:12,19
DA:20,10
DA:21,10
DA:25,2
DA:26,2
DA:28,3
DA:33,2
DA:34,4
DA:35,2
DA:36,2
DA:37,2
DA:38,1
DA:43,20
DA:44,20
DA:48,2
DA:49,6
DA:53,12
DA:54,12
DA:58,1
DA:59,2
LF:25
LH:25
BRDA:9,0,0,7
BRDA:9,0,1,14
BRDA:14,1,0,19
BRDA:14,1,1,1
BRDA:15,2,0,19
BRDA:15,2,1,1
BRDA:28,3,0,2
BRDA:28,3,1,1
BRDA:37,4,0,1
BRDA:37,4,1,1
BRDA:44,5,0,14
BRDA:44,5,1,6
BRF:12
BRH:12
end_of_record
TN:
SF:src/utils/timeRange.ts
FN:3,filterEntriesByRange
FN:12,(anonymous_1)
FN:15,formatXLabel
FN:38,snapToBucket
FNF:4
FNH:4
FNDA:5,filterEntriesByRange
FNDA:7,(anonymous_1)
FNDA:5,formatXLabel
FNDA:10,snapToBucket
DA:4,5
DA:5,4
DA:6,4
DA:12,7
DA:16,5
DA:17,5
DA:19,1
DA:21,1
DA:23,1
DA:25,1
DA:27,1
DA:31,1
DA:39,10
DA:40,10
DA:42,2
DA:43,2
DA:46,6
DA:47,6
DA:50,2
DA:51,2
DA:52,2
DA:54,10
LF:22
LH:22
BRDA:4,0,0,1
BRDA:4,0,1,4
BRDA:17,1,0,1
BRDA:17,1,1,1
BRDA:17,1,2,1
BRDA:17,1,3,1
BRDA:17,1,4,1
BRDA:40,2,0,2
BRDA:40,2,1,6
BRDA:40,2,2,6
BRDA:40,2,3,2
BRDA:40,2,4,2
BRF:12
BRH:12
end_of_record
